1.6310 	WARNING 	We strongly recommend you activate the PTB sound engine in PsychoPy prefs as the preferred audio engine. Its timing is vastly superior. Your prefs are currently set to use ['sounddevice', 'PTB', 'pyo', 'pygame'] (in that order).
5.4601 	WARNING 	User requested fullscreen with size [1024  768], but screen is actually [1920, 1080]. Using actual size
7.1711 	EXP 	Created window1 = Window(allowGUI=True, allowStencil=False, autoLog=True, backendConf=UNKNOWN, bitsMode=UNKNOWN, blendMode='avg', bpc=(8, 8, 8), color=array([0, 0, 0]), colorSpace='rgb', depthBits=8, fullscr=<method-wrapper '__getattribute__' of attributeSetter object at 0x000002C165C7DF40>, gamma=None, gammaErrorPolicy='raise', lms=UNKNOWN, monitor=<psychopy.monitors.calibTools.Monitor object at 0x000002C167BEA8B0>, multiSample=False, name='window1', numSamples=2, pos=(0, 0), screen=0, size=array([1920, 1080]), stencilBits=0, stereo=False, units='height', useFBO=True, useRetina=False, viewOri=0.0, viewPos=None, viewScale=None, waitBlanking=True, winType='pyglet')
7.1717 	EXP 	window1: mouseVisible = True
7.1720 	EXP 	window1: mouseVisible = False
7.1721 	EXP 	window1: Attempting to measure frame rate of screen (0) ...
7.1721 	EXP 	window1: recordFrameIntervals = False
7.3372 	EXP 	window1: recordFrameIntervals = True
7.5206 	EXP 	Screen (0) actual frame rate measured at 60.04Hz
7.5207 	EXP 	window1: recordFrameIntervals = False
9.3274 	EXP 	Created fixation = ShapeStim(__class__=<class 'psychopy.visual.shape.ShapeStim'>, anchor=('center', 'center'), autoDraw=False, autoLog=True, closeShape=True, color=method-wrapper(...), colorSpace='rgb', contrast=None, depth=0.0, fillColor=array([1, 1, 1]), fillColorSpace='rgb', fillRGB=array([1, 1, 1]), interpolate=True, lineColor=array([1, 1, 1]), lineColorSpace='rgb', lineRGB=array([1, 1, 1]), lineWidth=1.0, name='fixation', opacity=1.0, ori=0.0, pos=array([0., 0.]), size=array([10., 10.]), units='pix', vertices=ndarray(...), win=Window(...), windingRule=None)
9.3593 	EXP 	Created grating = GratingStim(__class__=<class 'psychopy.visual.grating.GratingStim'>, anchor='center', autoDraw=False, autoLog=True, blendmode='avg', color=array([0.3, 0.3, 0.3]), colorSpace='rgb', contrast=0.3, depth=-1.0, interpolate=True, mask='gauss', maskParams=None, name='grating', opacity=1.0, ori=1.0, phase=array([0., 0.]), pos=array([0., 0.]), rgbPedestal=array([0., 0., 0.]), sf=array([5., 5.]), size=array([0.2, 0.2]), tex='sin', texRes=128.0, units='height', win=Window(...))
9.3605 	EXP 	Created sequence: random, trialTypes=1, nReps=100, seed=None
9.3613 	EXP 	New trial (rep=0, index=0): None
9.3638 	DATA 	Keypress: down
9.3742 	EXP 	grating: ori = 0.0
9.3742 	EXP 	fixation: autoDraw = True
10.4210 	EXP 	grating: autoDraw = True
10.4210 	EXP 	grating: tex = 'sin'
10.4239 	EXP 	fixation: autoDraw = False
10.7364 	EXP 	grating: autoDraw = False
11.0590 	EXP 	New trial (rep=1, index=0): None
11.0610 	DATA 	Keypress: up
11.0698 	EXP 	fixation: autoDraw = False
11.0698 	EXP 	grating: autoDraw = False
11.0698 	EXP 	grating: ori = 3.0
11.0698 	EXP 	fixation: autoDraw = True
12.0698 	EXP 	fixation: autoDraw = False
12.0698 	EXP 	grating: autoDraw = True
12.3697 	EXP 	grating: autoDraw = False
12.8743 	EXP 	New trial (rep=2, index=0): None
12.8765 	DATA 	Keypress: down
12.8864 	EXP 	fixation: autoDraw = False
12.8864 	EXP 	grating: autoDraw = False
12.8864 	EXP 	grating: ori = 0.0
12.8864 	EXP 	fixation: autoDraw = True
13.8864 	EXP 	fixation: autoDraw = False
13.8864 	EXP 	grating: autoDraw = True
14.1864 	EXP 	grating: autoDraw = False
14.7227 	DATA 	Keypress: up
14.7407 	EXP 	New trial (rep=3, index=0): None
14.7532 	EXP 	fixation: autoDraw = False
14.7532 	EXP 	grating: autoDraw = False
14.7532 	EXP 	grating: ori = 0.0
14.7532 	EXP 	fixation: autoDraw = True
15.7532 	EXP 	fixation: autoDraw = False
15.7532 	EXP 	grating: autoDraw = True
16.0532 	EXP 	grating: autoDraw = False
16.3916 	EXP 	New trial (rep=4, index=0): None
16.3937 	DATA 	Keypress: down
16.4034 	EXP 	fixation: autoDraw = False
16.4034 	EXP 	grating: autoDraw = False
16.4034 	EXP 	grating: ori = 0.0
16.4034 	EXP 	fixation: autoDraw = True
17.4031 	EXP 	fixation: autoDraw = False
17.4031 	EXP 	grating: autoDraw = True
17.7030 	EXP 	grating: autoDraw = False
17.9744 	EXP 	New trial (rep=5, index=0): None
17.9776 	DATA 	Keypress: up
17.9863 	EXP 	fixation: autoDraw = False
17.9863 	EXP 	grating: autoDraw = False
17.9863 	EXP 	grating: ori = 0.0
17.9863 	EXP 	fixation: autoDraw = True
18.9865 	EXP 	fixation: autoDraw = False
18.9865 	EXP 	grating: autoDraw = True
19.2864 	EXP 	grating: autoDraw = False
19.5247 	EXP 	New trial (rep=6, index=0): None
19.5274 	DATA 	Keypress: up
19.5364 	EXP 	fixation: autoDraw = False
19.5364 	EXP 	grating: autoDraw = False
19.5364 	EXP 	grating: ori = 1.0
19.5364 	EXP 	fixation: autoDraw = True
20.5365 	EXP 	fixation: autoDraw = False
20.5365 	EXP 	grating: autoDraw = True
20.8362 	EXP 	grating: autoDraw = False
21.1743 	EXP 	New trial (rep=7, index=0): None
21.1763 	DATA 	Keypress: up
21.1863 	EXP 	fixation: autoDraw = False
21.1863 	EXP 	grating: autoDraw = False
21.1863 	EXP 	grating: ori = 0.0
21.1863 	EXP 	fixation: autoDraw = True
22.1864 	EXP 	fixation: autoDraw = False
22.1864 	EXP 	grating: autoDraw = True
22.4863 	EXP 	grating: autoDraw = False
22.6077 	EXP 	New trial (rep=8, index=0): None
22.6098 	DATA 	Keypress: up
22.6195 	EXP 	fixation: autoDraw = False
22.6195 	EXP 	grating: autoDraw = False
22.6195 	EXP 	grating: ori = 4.0
22.6195 	EXP 	fixation: autoDraw = True
23.6195 	EXP 	fixation: autoDraw = False
23.6195 	EXP 	grating: autoDraw = True
23.9195 	EXP 	grating: autoDraw = False
24.2055 	DATA 	Keypress: down
24.2242 	EXP 	New trial (rep=9, index=0): None
24.2362 	EXP 	fixation: autoDraw = False
24.2362 	EXP 	grating: autoDraw = False
24.2362 	EXP 	grating: ori = 0.0
24.2362 	EXP 	fixation: autoDraw = True
25.2363 	EXP 	fixation: autoDraw = False
25.2363 	EXP 	grating: autoDraw = True
25.5363 	EXP 	grating: autoDraw = False
25.6059 	DATA 	Keypress: up
25.6240 	EXP 	New trial (rep=10, index=0): None
25.6365 	EXP 	fixation: autoDraw = False
25.6365 	EXP 	grating: autoDraw = False
25.6365 	EXP 	grating: ori = 3.0
25.6365 	EXP 	fixation: autoDraw = True
26.6362 	EXP 	fixation: autoDraw = False
26.6362 	EXP 	grating: autoDraw = True
26.9362 	EXP 	grating: autoDraw = False
27.2081 	EXP 	New trial (rep=11, index=0): None
27.2110 	DATA 	Keypress: down
27.2195 	EXP 	fixation: autoDraw = False
27.2195 	EXP 	grating: autoDraw = False
27.2195 	EXP 	grating: ori = 0.0
27.2195 	EXP 	fixation: autoDraw = True
28.2194 	EXP 	fixation: autoDraw = False
28.2194 	EXP 	grating: autoDraw = True
28.5194 	EXP 	grating: autoDraw = False
28.6578 	EXP 	New trial (rep=12, index=0): None
28.6597 	DATA 	Keypress: up
28.6695 	EXP 	fixation: autoDraw = False
28.6695 	EXP 	grating: autoDraw = False
28.6695 	EXP 	grating: ori = -5.0
28.6695 	EXP 	fixation: autoDraw = True
29.6695 	EXP 	fixation: autoDraw = False
29.6695 	EXP 	grating: autoDraw = True
29.9695 	EXP 	grating: autoDraw = False
30.2740 	EXP 	New trial (rep=13, index=0): None
30.2770 	DATA 	Keypress: down
30.2861 	EXP 	fixation: autoDraw = False
30.2861 	EXP 	grating: autoDraw = False
30.2861 	EXP 	grating: ori = 0.0
30.2861 	EXP 	fixation: autoDraw = True
31.2863 	EXP 	fixation: autoDraw = False
31.2863 	EXP 	grating: autoDraw = True
31.5862 	EXP 	grating: autoDraw = False
32.1576 	EXP 	New trial (rep=14, index=0): None
32.1596 	DATA 	Keypress: down
32.1692 	EXP 	fixation: autoDraw = False
32.1692 	EXP 	grating: autoDraw = False
32.1692 	EXP 	grating: ori = 0.0
32.1692 	EXP 	fixation: autoDraw = True
33.1695 	EXP 	fixation: autoDraw = False
33.1695 	EXP 	grating: autoDraw = True
33.4693 	EXP 	grating: autoDraw = False
33.8906 	EXP 	New trial (rep=15, index=0): None
33.8924 	DATA 	Keypress: down
33.9026 	EXP 	fixation: autoDraw = False
33.9026 	EXP 	grating: autoDraw = False
33.9026 	EXP 	grating: ori = 0.0
33.9026 	EXP 	fixation: autoDraw = True
34.9028 	EXP 	fixation: autoDraw = False
34.9028 	EXP 	grating: autoDraw = True
35.2029 	EXP 	grating: autoDraw = False
35.6410 	EXP 	New trial (rep=16, index=0): None
35.6431 	DATA 	Keypress: up
35.6527 	EXP 	fixation: autoDraw = False
35.6527 	EXP 	grating: autoDraw = False
35.6527 	EXP 	grating: ori = -4.0
35.6527 	EXP 	fixation: autoDraw = True
36.6529 	EXP 	fixation: autoDraw = False
36.6529 	EXP 	grating: autoDraw = True
36.9527 	EXP 	grating: autoDraw = False
37.3418 	EXP 	New trial (rep=17, index=0): None
37.3438 	DATA 	Keypress: down
37.3526 	EXP 	fixation: autoDraw = False
37.3526 	EXP 	grating: autoDraw = False
37.3526 	EXP 	grating: ori = 4.0
37.3526 	EXP 	fixation: autoDraw = True
38.3527 	EXP 	fixation: autoDraw = False
38.3527 	EXP 	grating: autoDraw = True
38.6528 	EXP 	grating: autoDraw = False
38.9739 	EXP 	New trial (rep=18, index=0): None
38.9759 	DATA 	Keypress: down
38.9861 	EXP 	fixation: autoDraw = False
38.9861 	EXP 	grating: autoDraw = False
38.9861 	EXP 	grating: ori = 1.0
38.9861 	EXP 	fixation: autoDraw = True
39.9862 	EXP 	fixation: autoDraw = False
39.9862 	EXP 	grating: autoDraw = True
40.2859 	EXP 	grating: autoDraw = False
40.3907 	EXP 	New trial (rep=19, index=0): None
40.3926 	DATA 	Keypress: down
40.4028 	EXP 	fixation: autoDraw = False
40.4028 	EXP 	grating: autoDraw = False
40.4028 	EXP 	grating: ori = 0.0
40.4028 	EXP 	fixation: autoDraw = True
41.4028 	EXP 	fixation: autoDraw = False
41.4028 	EXP 	grating: autoDraw = True
41.7025 	EXP 	grating: autoDraw = False
42.1060 	DATA 	Keypress: down
42.1239 	EXP 	New trial (rep=20, index=0): None
42.1359 	EXP 	fixation: autoDraw = False
42.1359 	EXP 	grating: autoDraw = False
42.1359 	EXP 	grating: ori = 0.0
42.1359 	EXP 	fixation: autoDraw = True
43.1358 	EXP 	fixation: autoDraw = False
43.1358 	EXP 	grating: autoDraw = True
43.4359 	EXP 	grating: autoDraw = False
43.8240 	EXP 	New trial (rep=21, index=0): None
43.8258 	DATA 	Keypress: up
43.8358 	EXP 	fixation: autoDraw = False
43.8358 	EXP 	grating: autoDraw = False
43.8358 	EXP 	grating: ori = 2.0
43.8358 	EXP 	fixation: autoDraw = True
44.8364 	EXP 	fixation: autoDraw = False
44.8364 	EXP 	grating: autoDraw = True
45.1359 	EXP 	grating: autoDraw = False
45.6073 	EXP 	New trial (rep=22, index=0): None
45.6092 	DATA 	Keypress: down
45.6190 	EXP 	fixation: autoDraw = False
45.6190 	EXP 	grating: autoDraw = False
45.6190 	EXP 	grating: ori = 1.0
45.6190 	EXP 	fixation: autoDraw = True
46.6193 	EXP 	fixation: autoDraw = False
46.6193 	EXP 	grating: autoDraw = True
46.9192 	EXP 	grating: autoDraw = False
47.4081 	EXP 	New trial (rep=23, index=0): None
47.4099 	DATA 	Keypress: up
47.4191 	EXP 	fixation: autoDraw = False
47.4191 	EXP 	grating: autoDraw = False
47.4191 	EXP 	grating: ori = 4.0
47.4191 	EXP 	fixation: autoDraw = True
48.4193 	EXP 	fixation: autoDraw = False
48.4193 	EXP 	grating: autoDraw = True
48.7189 	EXP 	grating: autoDraw = False
49.6575 	EXP 	New trial (rep=24, index=0): None
49.6593 	DATA 	Keypress: up
49.6690 	EXP 	fixation: autoDraw = False
49.6690 	EXP 	grating: autoDraw = False
49.6690 	EXP 	grating: ori = 0.0
49.6690 	EXP 	fixation: autoDraw = True
50.6691 	EXP 	fixation: autoDraw = False
50.6691 	EXP 	grating: autoDraw = True
50.9691 	EXP 	grating: autoDraw = False
51.7909 	EXP 	New trial (rep=25, index=0): None
51.7928 	DATA 	Keypress: down
51.8024 	EXP 	fixation: autoDraw = False
51.8024 	EXP 	grating: autoDraw = False
51.8024 	EXP 	grating: ori = -2.0
51.8024 	EXP 	fixation: autoDraw = True
52.8024 	EXP 	fixation: autoDraw = False
52.8024 	EXP 	grating: autoDraw = True
53.1024 	EXP 	grating: autoDraw = False
53.7072 	EXP 	New trial (rep=26, index=0): None
53.7091 	DATA 	Keypress: down
53.7190 	EXP 	fixation: autoDraw = False
53.7190 	EXP 	grating: autoDraw = False
53.7190 	EXP 	grating: ori = 0.0
53.7190 	EXP 	fixation: autoDraw = True
54.7190 	EXP 	fixation: autoDraw = False
54.7190 	EXP 	grating: autoDraw = True
55.0190 	EXP 	grating: autoDraw = False
55.4904 	EXP 	New trial (rep=27, index=0): None
55.4926 	DATA 	Keypress: down
55.5023 	EXP 	fixation: autoDraw = False
55.5023 	EXP 	grating: autoDraw = False
55.5023 	EXP 	grating: ori = 0.0
55.5023 	EXP 	fixation: autoDraw = True
56.5022 	EXP 	fixation: autoDraw = False
56.5022 	EXP 	grating: autoDraw = True
56.8022 	EXP 	grating: autoDraw = False
57.0242 	EXP 	New trial (rep=28, index=0): None
57.0262 	DATA 	Keypress: down
57.0356 	EXP 	fixation: autoDraw = False
57.0356 	EXP 	grating: autoDraw = False
57.0356 	EXP 	grating: ori = 0.0
57.0356 	EXP 	fixation: autoDraw = True
58.0356 	EXP 	fixation: autoDraw = False
58.0356 	EXP 	grating: autoDraw = True
58.3362 	EXP 	grating: autoDraw = False
58.6545 	DATA 	Keypress: down
58.6735 	EXP 	New trial (rep=29, index=0): None
58.6855 	EXP 	fixation: autoDraw = False
58.6855 	EXP 	grating: autoDraw = False
58.6855 	EXP 	grating: ori = 0.0
58.6855 	EXP 	fixation: autoDraw = True
59.6857 	EXP 	fixation: autoDraw = False
59.6857 	EXP 	grating: autoDraw = True
59.9859 	EXP 	grating: autoDraw = False
60.1736 	EXP 	New trial (rep=30, index=0): None
60.1756 	DATA 	Keypress: down
60.1856 	EXP 	fixation: autoDraw = False
60.1856 	EXP 	grating: autoDraw = False
60.1856 	EXP 	grating: ori = 0.0
60.1856 	EXP 	fixation: autoDraw = True
61.1860 	EXP 	fixation: autoDraw = False
61.1860 	EXP 	grating: autoDraw = True
61.4858 	EXP 	grating: autoDraw = False
61.8405 	EXP 	New trial (rep=31, index=0): None
61.8425 	DATA 	Keypress: down
61.8525 	EXP 	fixation: autoDraw = False
61.8525 	EXP 	grating: autoDraw = False
61.8525 	EXP 	grating: ori = 0.0
61.8525 	EXP 	fixation: autoDraw = True
62.8525 	EXP 	fixation: autoDraw = False
62.8525 	EXP 	grating: autoDraw = True
63.1520 	EXP 	grating: autoDraw = False
63.3067 	EXP 	New trial (rep=32, index=0): None
63.3093 	DATA 	Keypress: down
63.3189 	EXP 	fixation: autoDraw = False
63.3189 	EXP 	grating: autoDraw = False
63.3189 	EXP 	grating: ori = 0.0
63.3189 	EXP 	fixation: autoDraw = True
64.3189 	EXP 	fixation: autoDraw = False
64.3189 	EXP 	grating: autoDraw = True
64.6190 	EXP 	grating: autoDraw = False
65.1072 	EXP 	New trial (rep=33, index=0): None
65.1091 	DATA 	Keypress: up
65.1189 	EXP 	fixation: autoDraw = False
65.1189 	EXP 	grating: autoDraw = False
65.1189 	EXP 	grating: ori = 0.0
65.1189 	EXP 	fixation: autoDraw = True
65.2546 	DATA 	Keypress: up
66.1187 	EXP 	fixation: autoDraw = False
66.1187 	EXP 	grating: autoDraw = True
66.4187 	EXP 	grating: autoDraw = False
66.8422 	EXP 	New trial (rep=34, index=0): None
66.8443 	DATA 	Keypress: down
66.8520 	EXP 	fixation: autoDraw = False
66.8520 	EXP 	grating: autoDraw = False
66.8520 	EXP 	grating: ori = -2.0
66.8520 	EXP 	fixation: autoDraw = True
67.8522 	EXP 	fixation: autoDraw = False
67.8522 	EXP 	grating: autoDraw = True
68.1520 	EXP 	grating: autoDraw = False
68.7401 	EXP 	New trial (rep=35, index=0): None
68.7421 	DATA 	Keypress: down
68.7522 	EXP 	fixation: autoDraw = False
68.7522 	EXP 	grating: autoDraw = False
68.7522 	EXP 	grating: ori = 1.0
68.7522 	EXP 	fixation: autoDraw = True
69.7521 	EXP 	fixation: autoDraw = False
69.7521 	EXP 	grating: autoDraw = True
70.0522 	EXP 	grating: autoDraw = False
70.3068 	EXP 	New trial (rep=36, index=0): None
70.3091 	DATA 	Keypress: down
70.3188 	EXP 	fixation: autoDraw = False
70.3188 	EXP 	grating: autoDraw = False
70.3188 	EXP 	grating: ori = 0.0
70.3188 	EXP 	fixation: autoDraw = True
71.3187 	EXP 	fixation: autoDraw = False
71.3187 	EXP 	grating: autoDraw = True
71.6188 	EXP 	grating: autoDraw = False
72.2580 	EXP 	New trial (rep=37, index=0): None
72.2603 	DATA 	Keypress: down
72.2687 	EXP 	fixation: autoDraw = False
72.2687 	EXP 	grating: autoDraw = False
72.2687 	EXP 	grating: ori = 0.0
72.2687 	EXP 	fixation: autoDraw = True
73.2688 	EXP 	fixation: autoDraw = False
73.2688 	EXP 	grating: autoDraw = True
73.5686 	EXP 	grating: autoDraw = False
73.8902 	EXP 	New trial (rep=38, index=0): None
73.8922 	DATA 	Keypress: up
73.9019 	EXP 	fixation: autoDraw = False
73.9019 	EXP 	grating: autoDraw = False
73.9019 	EXP 	grating: ori = 0.0
73.9019 	EXP 	fixation: autoDraw = True
74.9021 	EXP 	fixation: autoDraw = False
74.9021 	EXP 	grating: autoDraw = True
75.2018 	EXP 	grating: autoDraw = False
75.6904 	EXP 	New trial (rep=39, index=0): None
75.6924 	DATA 	Keypress: up
75.7021 	EXP 	fixation: autoDraw = False
75.7021 	EXP 	grating: autoDraw = False
75.7021 	EXP 	grating: ori = 4.0
75.7021 	EXP 	fixation: autoDraw = True
76.7022 	EXP 	fixation: autoDraw = False
76.7022 	EXP 	grating: autoDraw = True
77.0020 	EXP 	grating: autoDraw = False
77.4902 	EXP 	New trial (rep=40, index=0): None
77.4926 	DATA 	Keypress: down
77.5019 	EXP 	fixation: autoDraw = False
77.5019 	EXP 	grating: autoDraw = False
77.5019 	EXP 	grating: ori = 0.0
77.5019 	EXP 	fixation: autoDraw = True
78.5020 	EXP 	fixation: autoDraw = False
78.5020 	EXP 	grating: autoDraw = True
78.8019 	EXP 	grating: autoDraw = False
79.4235 	EXP 	New trial (rep=41, index=0): None
79.4258 	DATA 	Keypress: up
79.4354 	EXP 	fixation: autoDraw = False
79.4354 	EXP 	grating: autoDraw = False
79.4354 	EXP 	grating: ori = 0.0
79.4354 	EXP 	fixation: autoDraw = True
80.4354 	EXP 	fixation: autoDraw = False
80.4354 	EXP 	grating: autoDraw = True
80.7354 	EXP 	grating: autoDraw = False
81.2912 	EXP 	New trial (rep=42, index=0): None
81.2942 	DATA 	Keypress: up
81.3019 	EXP 	fixation: autoDraw = False
81.3019 	EXP 	grating: autoDraw = False
81.3019 	EXP 	grating: ori = 1.0
81.3019 	EXP 	fixation: autoDraw = True
82.3020 	EXP 	fixation: autoDraw = False
82.3020 	EXP 	grating: autoDraw = True
82.6021 	EXP 	grating: autoDraw = False
83.2549 	EXP 	New trial (rep=43, index=0): None
83.2564 	DATA 	Keypress: down
83.2685 	EXP 	fixation: autoDraw = False
83.2685 	EXP 	grating: autoDraw = False
83.2685 	EXP 	grating: ori = 2.0
83.2685 	EXP 	fixation: autoDraw = True
84.2685 	EXP 	fixation: autoDraw = False
84.2685 	EXP 	grating: autoDraw = True
84.5685 	EXP 	grating: autoDraw = False
84.9378 	DATA 	Keypress: down
84.9565 	EXP 	New trial (rep=44, index=0): None
84.9684 	EXP 	fixation: autoDraw = False
84.9684 	EXP 	grating: autoDraw = False
84.9684 	EXP 	grating: ori = 4.0
84.9684 	EXP 	fixation: autoDraw = True
85.9685 	EXP 	fixation: autoDraw = False
85.9685 	EXP 	grating: autoDraw = True
86.2683 	EXP 	grating: autoDraw = False
86.3398 	EXP 	New trial (rep=45, index=0): None
86.3417 	DATA 	Keypress: down
86.3518 	EXP 	fixation: autoDraw = False
86.3518 	EXP 	grating: autoDraw = False
86.3518 	EXP 	grating: ori = 0.0
86.3518 	EXP 	fixation: autoDraw = True
87.3519 	EXP 	fixation: autoDraw = False
87.3519 	EXP 	grating: autoDraw = True
87.6518 	EXP 	grating: autoDraw = False
87.7733 	EXP 	New trial (rep=46, index=0): None
87.7758 	DATA 	Keypress: down
87.7852 	EXP 	fixation: autoDraw = False
87.7852 	EXP 	grating: autoDraw = False
87.7852 	EXP 	grating: ori = 4.0
87.7852 	EXP 	fixation: autoDraw = True
88.7853 	EXP 	fixation: autoDraw = False
88.7853 	EXP 	grating: autoDraw = True
89.0850 	EXP 	grating: autoDraw = False
89.1731 	EXP 	New trial (rep=47, index=0): None
89.1750 	DATA 	Keypress: down
89.1853 	EXP 	fixation: autoDraw = False
89.1853 	EXP 	grating: autoDraw = False
89.1853 	EXP 	grating: ori = 3.0
89.1853 	EXP 	fixation: autoDraw = True
90.1852 	EXP 	fixation: autoDraw = False
90.1852 	EXP 	grating: autoDraw = True
90.4851 	EXP 	grating: autoDraw = False
90.5730 	EXP 	New trial (rep=48, index=0): None
90.5754 	DATA 	Keypress: down
90.5851 	EXP 	fixation: autoDraw = False
90.5851 	EXP 	grating: autoDraw = False
90.5851 	EXP 	grating: ori = -4.0
90.5851 	EXP 	fixation: autoDraw = True
91.5851 	EXP 	fixation: autoDraw = False
91.5851 	EXP 	grating: autoDraw = True
91.8851 	EXP 	grating: autoDraw = False
91.9069 	EXP 	New trial (rep=49, index=0): None
91.9089 	DATA 	Keypress: down
91.9183 	EXP 	fixation: autoDraw = False
91.9183 	EXP 	grating: autoDraw = False
91.9183 	EXP 	grating: ori = 0.0
91.9183 	EXP 	fixation: autoDraw = True
92.9184 	EXP 	fixation: autoDraw = False
92.9184 	EXP 	grating: autoDraw = True
93.2184 	EXP 	grating: autoDraw = False
93.3569 	EXP 	New trial (rep=50, index=0): None
93.3589 	DATA 	Keypress: down
93.3682 	EXP 	fixation: autoDraw = False
93.3682 	EXP 	grating: autoDraw = False
93.3682 	EXP 	grating: ori = 0.0
93.3682 	EXP 	fixation: autoDraw = True
94.3682 	EXP 	fixation: autoDraw = False
94.3682 	EXP 	grating: autoDraw = True
94.6683 	EXP 	grating: autoDraw = False
95.0062 	EXP 	New trial (rep=51, index=0): None
95.0084 	DATA 	Keypress: up
95.0185 	EXP 	fixation: autoDraw = False
95.0185 	EXP 	grating: autoDraw = False
95.0185 	EXP 	grating: ori = 0.0
95.0185 	EXP 	fixation: autoDraw = True
96.0182 	EXP 	fixation: autoDraw = False
96.0182 	EXP 	grating: autoDraw = True
96.3182 	EXP 	grating: autoDraw = False
96.5568 	EXP 	New trial (rep=52, index=0): None
96.5598 	DATA 	Keypress: up
96.5682 	EXP 	fixation: autoDraw = False
96.5682 	EXP 	grating: autoDraw = False
96.5682 	EXP 	grating: ori = 3.0
96.5682 	EXP 	fixation: autoDraw = True
97.5682 	EXP 	fixation: autoDraw = False
97.5682 	EXP 	grating: autoDraw = True
97.8682 	EXP 	grating: autoDraw = False
98.0744 	EXP 	New trial (rep=53, index=0): None
98.0765 	DATA 	Keypress: up
98.0850 	EXP 	fixation: autoDraw = False
98.0850 	EXP 	grating: autoDraw = False
98.0850 	EXP 	grating: ori = 0.0
98.0850 	EXP 	fixation: autoDraw = True
99.0851 	EXP 	fixation: autoDraw = False
99.0851 	EXP 	grating: autoDraw = True
99.3849 	EXP 	grating: autoDraw = False
99.5383 	DATA 	Keypress: up
99.5562 	EXP 	New trial (rep=54, index=0): None
99.5682 	EXP 	fixation: autoDraw = False
99.5682 	EXP 	grating: autoDraw = False
99.5682 	EXP 	grating: ori = 0.0
99.5682 	EXP 	fixation: autoDraw = True
100.5682 	EXP 	fixation: autoDraw = False
100.5682 	EXP 	grating: autoDraw = True
100.8679 	EXP 	grating: autoDraw = False
101.1065 	EXP 	New trial (rep=55, index=0): None
101.1084 	DATA 	Keypress: up
101.1181 	EXP 	fixation: autoDraw = False
101.1181 	EXP 	grating: autoDraw = False
101.1181 	EXP 	grating: ori = 3.0
101.1181 	EXP 	fixation: autoDraw = True
102.1182 	EXP 	fixation: autoDraw = False
102.1182 	EXP 	grating: autoDraw = True
102.4181 	EXP 	grating: autoDraw = False
102.7897 	EXP 	New trial (rep=56, index=0): None
102.7921 	DATA 	Keypress: down
102.8015 	EXP 	fixation: autoDraw = False
102.8015 	EXP 	grating: autoDraw = False
102.8015 	EXP 	grating: ori = 0.0
102.8015 	EXP 	fixation: autoDraw = True
103.8015 	EXP 	fixation: autoDraw = False
103.8015 	EXP 	grating: autoDraw = True
104.1015 	EXP 	grating: autoDraw = False
104.3562 	EXP 	New trial (rep=57, index=0): None
104.3583 	DATA 	Keypress: up
104.3680 	EXP 	fixation: autoDraw = False
104.3680 	EXP 	grating: autoDraw = False
104.3680 	EXP 	grating: ori = 1.0
104.3680 	EXP 	fixation: autoDraw = True
105.3680 	EXP 	fixation: autoDraw = False
105.3680 	EXP 	grating: autoDraw = True
105.6680 	EXP 	grating: autoDraw = False
106.0397 	EXP 	New trial (rep=58, index=0): None
106.0429 	DATA 	Keypress: down
106.0514 	EXP 	fixation: autoDraw = False
106.0514 	EXP 	grating: autoDraw = False
106.0514 	EXP 	grating: ori = -3.0
106.0514 	EXP 	fixation: autoDraw = True
107.0516 	EXP 	fixation: autoDraw = False
107.0516 	EXP 	grating: autoDraw = True
107.3515 	EXP 	grating: autoDraw = False
107.6566 	EXP 	New trial (rep=59, index=0): None
107.6587 	DATA 	Keypress: up
107.6680 	EXP 	fixation: autoDraw = False
107.6680 	EXP 	grating: autoDraw = False
107.6680 	EXP 	grating: ori = 1.0
107.6680 	EXP 	fixation: autoDraw = True
108.6680 	EXP 	fixation: autoDraw = False
108.6680 	EXP 	grating: autoDraw = True
108.9681 	EXP 	grating: autoDraw = False
109.4232 	EXP 	New trial (rep=60, index=0): None
109.4257 	DATA 	Keypress: up
109.4348 	EXP 	fixation: autoDraw = False
109.4348 	EXP 	grating: autoDraw = False
109.4348 	EXP 	grating: ori = 4.0
109.4348 	EXP 	fixation: autoDraw = True
110.4349 	EXP 	fixation: autoDraw = False
110.4349 	EXP 	grating: autoDraw = True
110.7348 	EXP 	grating: autoDraw = False
111.3397 	EXP 	New trial (rep=61, index=0): None
111.3417 	DATA 	Keypress: up
111.3513 	EXP 	fixation: autoDraw = False
111.3513 	EXP 	grating: autoDraw = False
111.3513 	EXP 	grating: ori = 2.0
111.3513 	EXP 	fixation: autoDraw = True
112.3513 	EXP 	fixation: autoDraw = False
112.3513 	EXP 	grating: autoDraw = True
112.6514 	EXP 	grating: autoDraw = False
113.1060 	EXP 	New trial (rep=62, index=0): None
113.1079 	DATA 	Keypress: up
113.1180 	EXP 	fixation: autoDraw = False
113.1180 	EXP 	grating: autoDraw = False
113.1180 	EXP 	grating: ori = -2.0
113.1180 	EXP 	fixation: autoDraw = True
114.1181 	EXP 	fixation: autoDraw = False
114.1181 	EXP 	grating: autoDraw = True
114.4179 	EXP 	grating: autoDraw = False
114.7397 	EXP 	New trial (rep=63, index=0): None
114.7426 	DATA 	Keypress: up
114.7513 	EXP 	fixation: autoDraw = False
114.7513 	EXP 	grating: autoDraw = False
114.7513 	EXP 	grating: ori = 0.0
114.7513 	EXP 	fixation: autoDraw = True
115.7514 	EXP 	fixation: autoDraw = False
115.7514 	EXP 	grating: autoDraw = True
116.0513 	EXP 	grating: autoDraw = False
116.1723 	EXP 	New trial (rep=64, index=0): None
116.1739 	DATA 	Keypress: up
116.1846 	EXP 	fixation: autoDraw = False
116.1846 	EXP 	grating: autoDraw = False
116.1846 	EXP 	grating: ori = 4.0
116.1846 	EXP 	fixation: autoDraw = True
117.1847 	EXP 	fixation: autoDraw = False
117.1847 	EXP 	grating: autoDraw = True
117.4846 	EXP 	grating: autoDraw = False
117.8392 	EXP 	New trial (rep=65, index=0): None
117.8413 	DATA 	Keypress: up
117.8514 	EXP 	fixation: autoDraw = False
117.8514 	EXP 	grating: autoDraw = False
117.8514 	EXP 	grating: ori = 1.0
117.8514 	EXP 	fixation: autoDraw = True
118.8514 	EXP 	fixation: autoDraw = False
118.8514 	EXP 	grating: autoDraw = True
119.1512 	EXP 	grating: autoDraw = False
120.1722 	EXP 	New trial (rep=66, index=0): None
120.1742 	DATA 	Keypress: up
120.1846 	EXP 	fixation: autoDraw = False
120.1846 	EXP 	grating: autoDraw = False
120.1846 	EXP 	grating: ori = 0.0
120.1846 	EXP 	fixation: autoDraw = True
121.1845 	EXP 	fixation: autoDraw = False
121.1845 	EXP 	grating: autoDraw = True
121.4845 	EXP 	grating: autoDraw = False
121.7222 	EXP 	New trial (rep=67, index=0): None
121.7241 	DATA 	Keypress: up
121.7346 	EXP 	fixation: autoDraw = False
121.7346 	EXP 	grating: autoDraw = False
121.7346 	EXP 	grating: ori = 0.0
121.7346 	EXP 	fixation: autoDraw = True
122.7347 	EXP 	fixation: autoDraw = False
122.7347 	EXP 	grating: autoDraw = True
123.0345 	EXP 	grating: autoDraw = False
123.4395 	EXP 	New trial (rep=68, index=0): None
123.4414 	DATA 	Keypress: up
123.4511 	EXP 	fixation: autoDraw = False
123.4511 	EXP 	grating: autoDraw = False
123.4511 	EXP 	grating: ori = 0.0
123.4511 	EXP 	fixation: autoDraw = True
124.4511 	EXP 	fixation: autoDraw = False
124.4511 	EXP 	grating: autoDraw = True
124.7511 	EXP 	grating: autoDraw = False
124.8225 	EXP 	New trial (rep=69, index=0): None
124.8242 	DATA 	Keypress: up
124.8344 	EXP 	fixation: autoDraw = False
124.8344 	EXP 	grating: autoDraw = False
124.8344 	EXP 	grating: ori = 1.0
124.8344 	EXP 	fixation: autoDraw = True
125.8348 	EXP 	fixation: autoDraw = False
125.8348 	EXP 	grating: autoDraw = True
126.1349 	EXP 	grating: autoDraw = False
126.3225 	EXP 	New trial (rep=70, index=0): None
126.3250 	DATA 	Keypress: up
126.3345 	EXP 	fixation: autoDraw = False
126.3345 	EXP 	grating: autoDraw = False
126.3345 	EXP 	grating: ori = -3.0
126.3345 	EXP 	fixation: autoDraw = True
127.3346 	EXP 	fixation: autoDraw = False
127.3346 	EXP 	grating: autoDraw = True
127.6345 	EXP 	grating: autoDraw = False
128.0395 	EXP 	New trial (rep=71, index=0): None
128.0416 	DATA 	Keypress: up
128.0511 	EXP 	fixation: autoDraw = False
128.0511 	EXP 	grating: autoDraw = False
128.0511 	EXP 	grating: ori = 2.0
128.0511 	EXP 	fixation: autoDraw = True
129.0512 	EXP 	fixation: autoDraw = False
129.0512 	EXP 	grating: autoDraw = True
129.3511 	EXP 	grating: autoDraw = False
129.5890 	EXP 	New trial (rep=72, index=0): None
129.5926 	DATA 	Keypress: up
129.6009 	EXP 	fixation: autoDraw = False
129.6009 	EXP 	grating: autoDraw = False
129.6009 	EXP 	grating: ori = -2.0
129.6009 	EXP 	fixation: autoDraw = True
130.6010 	EXP 	fixation: autoDraw = False
130.6010 	EXP 	grating: autoDraw = True
130.9012 	EXP 	grating: autoDraw = False
131.2392 	EXP 	New trial (rep=73, index=0): None
131.2415 	DATA 	Keypress: down
131.2511 	EXP 	fixation: autoDraw = False
131.2511 	EXP 	grating: autoDraw = False
131.2511 	EXP 	grating: ori = 0.0
131.2511 	EXP 	fixation: autoDraw = True
132.2512 	EXP 	fixation: autoDraw = False
132.2512 	EXP 	grating: autoDraw = True
132.5510 	EXP 	grating: autoDraw = False
132.7722 	EXP 	New trial (rep=74, index=0): None
132.7746 	DATA 	Keypress: down
132.7844 	EXP 	fixation: autoDraw = False
132.7844 	EXP 	grating: autoDraw = False
132.7844 	EXP 	grating: ori = 0.0
132.7844 	EXP 	fixation: autoDraw = True
133.7843 	EXP 	fixation: autoDraw = False
133.7843 	EXP 	grating: autoDraw = True
134.0844 	EXP 	grating: autoDraw = False
134.1888 	EXP 	New trial (rep=75, index=0): None
134.1906 	DATA 	Keypress: down
134.2011 	EXP 	fixation: autoDraw = False
134.2011 	EXP 	grating: autoDraw = False
134.2011 	EXP 	grating: ori = -2.0
134.2011 	EXP 	fixation: autoDraw = True
135.2011 	EXP 	fixation: autoDraw = False
135.2011 	EXP 	grating: autoDraw = True
135.5008 	EXP 	grating: autoDraw = False
135.6390 	EXP 	New trial (rep=76, index=0): None
135.6410 	DATA 	Keypress: down
135.6510 	EXP 	fixation: autoDraw = False
135.6510 	EXP 	grating: autoDraw = False
135.6510 	EXP 	grating: ori = 0.0
135.6510 	EXP 	fixation: autoDraw = True
136.6510 	EXP 	fixation: autoDraw = False
136.6510 	EXP 	grating: autoDraw = True
136.9509 	EXP 	grating: autoDraw = False
137.0221 	EXP 	New trial (rep=77, index=0): None
137.0247 	DATA 	Keypress: down
137.0344 	EXP 	fixation: autoDraw = False
137.0344 	EXP 	grating: autoDraw = False
137.0344 	EXP 	grating: ori = 4.0
137.0344 	EXP 	fixation: autoDraw = True
138.0344 	EXP 	fixation: autoDraw = False
138.0344 	EXP 	grating: autoDraw = True
138.3342 	EXP 	grating: autoDraw = False
138.7559 	EXP 	New trial (rep=78, index=0): None
138.7583 	DATA 	Keypress: down
138.7676 	EXP 	fixation: autoDraw = False
138.7676 	EXP 	grating: autoDraw = False
138.7676 	EXP 	grating: ori = 1.0
138.7676 	EXP 	fixation: autoDraw = True
139.7676 	EXP 	fixation: autoDraw = False
139.7676 	EXP 	grating: autoDraw = True
140.0675 	EXP 	grating: autoDraw = False
140.3722 	EXP 	New trial (rep=79, index=0): None
140.3743 	DATA 	Keypress: up
140.3841 	EXP 	fixation: autoDraw = False
140.3841 	EXP 	grating: autoDraw = False
140.3841 	EXP 	grating: ori = 0.0
140.3841 	EXP 	fixation: autoDraw = True
141.3843 	EXP 	fixation: autoDraw = False
141.3843 	EXP 	grating: autoDraw = True
141.6842 	EXP 	grating: autoDraw = False
142.0723 	EXP 	New trial (rep=80, index=0): None
142.0745 	DATA 	Keypress: down
142.0841 	EXP 	fixation: autoDraw = False
142.0841 	EXP 	grating: autoDraw = False
142.0841 	EXP 	grating: ori = -3.0
142.0841 	EXP 	fixation: autoDraw = True
143.0844 	EXP 	fixation: autoDraw = False
143.0844 	EXP 	grating: autoDraw = True
143.3841 	EXP 	grating: autoDraw = False
143.7223 	EXP 	New trial (rep=81, index=0): None
143.7244 	DATA 	Keypress: down
143.7342 	EXP 	fixation: autoDraw = False
143.7342 	EXP 	grating: autoDraw = False
143.7342 	EXP 	grating: ori = 3.0
143.7342 	EXP 	fixation: autoDraw = True
144.7340 	EXP 	fixation: autoDraw = False
144.7340 	EXP 	grating: autoDraw = True
145.0340 	EXP 	grating: autoDraw = False
145.3557 	EXP 	New trial (rep=82, index=0): None
145.3576 	DATA 	Keypress: down
145.3675 	EXP 	fixation: autoDraw = False
145.3675 	EXP 	grating: autoDraw = False
145.3675 	EXP 	grating: ori = 1.0
145.3675 	EXP 	fixation: autoDraw = True
146.3674 	EXP 	fixation: autoDraw = False
146.3674 	EXP 	grating: autoDraw = True
146.6674 	EXP 	grating: autoDraw = False
147.1402 	EXP 	New trial (rep=83, index=0): None
147.1423 	DATA 	Keypress: down
147.1509 	EXP 	fixation: autoDraw = False
147.1509 	EXP 	grating: autoDraw = False
147.1509 	EXP 	grating: ori = 0.0
147.1509 	EXP 	fixation: autoDraw = True
148.1508 	EXP 	fixation: autoDraw = False
148.1508 	EXP 	grating: autoDraw = True
148.4506 	EXP 	grating: autoDraw = False
149.0887 	EXP 	New trial (rep=84, index=0): None
149.0907 	DATA 	Keypress: down
149.1007 	EXP 	fixation: autoDraw = False
149.1007 	EXP 	grating: autoDraw = False
149.1007 	EXP 	grating: ori = 2.0
149.1007 	EXP 	fixation: autoDraw = True
150.1008 	EXP 	fixation: autoDraw = False
150.1008 	EXP 	grating: autoDraw = True
150.4007 	EXP 	grating: autoDraw = False
151.0388 	EXP 	New trial (rep=85, index=0): None
151.0409 	DATA 	Keypress: down
151.0508 	EXP 	fixation: autoDraw = False
151.0508 	EXP 	grating: autoDraw = False
151.0508 	EXP 	grating: ori = 4.0
151.0508 	EXP 	fixation: autoDraw = True
151.0870 	DATA 	Keypress: up
152.0507 	EXP 	fixation: autoDraw = False
152.0507 	EXP 	grating: autoDraw = True
152.3506 	EXP 	grating: autoDraw = False
152.9887 	EXP 	New trial (rep=86, index=0): None
152.9912 	DATA 	Keypress: up
153.0006 	EXP 	fixation: autoDraw = False
153.0006 	EXP 	grating: autoDraw = False
153.0006 	EXP 	grating: ori = -5.0
153.0006 	EXP 	fixation: autoDraw = True
154.0008 	EXP 	fixation: autoDraw = False
154.0008 	EXP 	grating: autoDraw = True
154.3006 	EXP 	grating: autoDraw = False
154.6379 	EXP 	New trial (rep=87, index=0): None
154.6397 	DATA 	Keypress: down
154.6506 	EXP 	fixation: autoDraw = False
154.6506 	EXP 	grating: autoDraw = False
154.6506 	EXP 	grating: ori = -3.0
154.6506 	EXP 	fixation: autoDraw = True
155.6506 	EXP 	fixation: autoDraw = False
155.6506 	EXP 	grating: autoDraw = True
155.9506 	EXP 	grating: autoDraw = False
156.0718 	EXP 	New trial (rep=88, index=0): None
156.0741 	DATA 	Keypress: down
156.0839 	EXP 	fixation: autoDraw = False
156.0839 	EXP 	grating: autoDraw = False
156.0839 	EXP 	grating: ori = 0.0
156.0839 	EXP 	fixation: autoDraw = True
157.0840 	EXP 	fixation: autoDraw = False
157.0840 	EXP 	grating: autoDraw = True
157.3839 	EXP 	grating: autoDraw = False
157.5886 	EXP 	New trial (rep=89, index=0): None
157.5910 	DATA 	Keypress: down
157.6004 	EXP 	fixation: autoDraw = False
157.6004 	EXP 	grating: autoDraw = False
157.6004 	EXP 	grating: ori = 0.0
157.6004 	EXP 	fixation: autoDraw = True
158.6005 	EXP 	fixation: autoDraw = False
158.6005 	EXP 	grating: autoDraw = True
158.9006 	EXP 	grating: autoDraw = False
159.7053 	EXP 	New trial (rep=90, index=0): None
159.7072 	DATA 	Keypress: up
159.7171 	EXP 	fixation: autoDraw = False
159.7171 	EXP 	grating: autoDraw = False
159.7171 	EXP 	grating: ori = -5.0
159.7171 	EXP 	fixation: autoDraw = True
160.7170 	EXP 	fixation: autoDraw = False
160.7170 	EXP 	grating: autoDraw = True
161.0170 	EXP 	grating: autoDraw = False
161.4529 	DATA 	Keypress: down
161.4714 	EXP 	New trial (rep=91, index=0): None
161.4838 	EXP 	fixation: autoDraw = False
161.4838 	EXP 	grating: autoDraw = False
161.4838 	EXP 	grating: ori = 2.0
161.4838 	EXP 	fixation: autoDraw = True
162.4838 	EXP 	fixation: autoDraw = False
162.4838 	EXP 	grating: autoDraw = True
162.7838 	EXP 	grating: autoDraw = False
162.9388 	EXP 	New trial (rep=92, index=0): None
162.9407 	DATA 	Keypress: down
162.9504 	EXP 	fixation: autoDraw = False
162.9504 	EXP 	grating: autoDraw = False
162.9504 	EXP 	grating: ori = 3.0
162.9504 	EXP 	fixation: autoDraw = True
163.9504 	EXP 	fixation: autoDraw = False
163.9504 	EXP 	grating: autoDraw = True
164.2504 	EXP 	grating: autoDraw = False
164.3549 	EXP 	New trial (rep=93, index=0): None
164.3566 	DATA 	Keypress: up
164.3670 	EXP 	fixation: autoDraw = False
164.3670 	EXP 	grating: autoDraw = False
164.3670 	EXP 	grating: ori = 0.0
164.3670 	EXP 	fixation: autoDraw = True
165.3672 	EXP 	fixation: autoDraw = False
165.3672 	EXP 	grating: autoDraw = True
165.6670 	EXP 	grating: autoDraw = False
165.8866 	DATA 	Keypress: up
165.9044 	EXP 	New trial (rep=94, index=0): None
165.9169 	EXP 	fixation: autoDraw = False
165.9169 	EXP 	grating: autoDraw = False
165.9169 	EXP 	grating: ori = 3.0
165.9169 	EXP 	fixation: autoDraw = True
166.9171 	EXP 	fixation: autoDraw = False
166.9171 	EXP 	grating: autoDraw = True
167.2169 	EXP 	grating: autoDraw = False
167.2728 	EXP 	New trial (rep=95, index=0): None
167.2754 	DATA 	Keypress: up
167.2838 	EXP 	fixation: autoDraw = False
167.2838 	EXP 	grating: autoDraw = False
167.2838 	EXP 	grating: ori = -2.0
167.2838 	EXP 	fixation: autoDraw = True
168.2837 	EXP 	fixation: autoDraw = False
168.2837 	EXP 	grating: autoDraw = True
168.5837 	EXP 	grating: autoDraw = False
168.6698 	EXP 	New trial (rep=96, index=0): None
168.6711 	DATA 	Keypress: up
168.6836 	EXP 	fixation: autoDraw = False
168.6836 	EXP 	grating: autoDraw = False
168.6836 	EXP 	grating: ori = 0.0
168.6836 	EXP 	fixation: autoDraw = True
169.6836 	EXP 	fixation: autoDraw = False
169.6836 	EXP 	grating: autoDraw = True
169.9835 	EXP 	grating: autoDraw = False
170.5216 	EXP 	New trial (rep=97, index=0): None
170.5243 	DATA 	Keypress: up
170.5338 	EXP 	fixation: autoDraw = False
170.5338 	EXP 	grating: autoDraw = False
170.5338 	EXP 	grating: ori = -2.0
170.5338 	EXP 	fixation: autoDraw = True
171.5337 	EXP 	fixation: autoDraw = False
171.5337 	EXP 	grating: autoDraw = True
171.8335 	EXP 	grating: autoDraw = False
172.0704 	EXP 	New trial (rep=98, index=0): None
172.0719 	DATA 	Keypress: up
172.0834 	EXP 	fixation: autoDraw = False
172.0834 	EXP 	grating: autoDraw = False
172.0834 	EXP 	grating: ori = 2.0
172.0834 	EXP 	fixation: autoDraw = True
173.0837 	EXP 	fixation: autoDraw = False
173.0837 	EXP 	grating: autoDraw = True
173.3836 	EXP 	grating: autoDraw = False
173.7214 	EXP 	New trial (rep=99, index=0): None
173.7263 	DATA 	Keypress: down
173.7337 	EXP 	fixation: autoDraw = False
173.7337 	EXP 	grating: autoDraw = False
173.7337 	EXP 	grating: ori = 1.0
173.7337 	EXP 	fixation: autoDraw = True
174.7335 	EXP 	fixation: autoDraw = False
174.7335 	EXP 	grating: autoDraw = True
175.0336 	EXP 	grating: autoDraw = False
175.3216 	DATA 	Keypress: up
175.3335 	EXP 	fixation: autoDraw = False
175.3335 	EXP 	grating: autoDraw = False
175.5613 	EXP 	window1: mouseVisible = True
